<?xml version="1.0" encoding="UTF-8"?>
<testng-results ignored="0" total="1" passed="1" failed="0" skipped="0">
  <reporter-output>
  </reporter-output>
  <suite started-at="2023-05-09T17:51:16 EDT" name="Default suite" finished-at="2023-05-09T17:51:23 EDT" duration-ms="7523">
    <groups>
    </groups>
    <test started-at="2023-05-09T17:51:16 EDT" name="Default test" finished-at="2023-05-09T17:51:23 EDT" duration-ms="7523">
      <class name="com.testscenarios.Framework_login">
        <test-method signature="f()[pri:0, instance:com.testscenarios.Framework_login@31304f14]" started-at="2023-05-09T17:51:16 EDT" name="f" finished-at="2023-05-09T17:51:23 EDT" duration-ms="7463" status="PASS">
          <reporter-output>
          </reporter-output>
        </test-method> <!-- f -->
      </class> <!-- com.testscenarios.Framework_login -->
    </test> <!-- Default test -->
  </suite> <!-- Default suite -->
</testng-results>
